ARM GAS  /tmp/ccTyIg7c.s 			page 1


   1              		.cpu cortex-m3
   2              		.arch armv7-m
   3              		.fpu softvfp
   4              		.eabi_attribute 20, 1
   5              		.eabi_attribute 21, 1
   6              		.eabi_attribute 23, 3
   7              		.eabi_attribute 24, 1
   8              		.eabi_attribute 25, 1
   9              		.eabi_attribute 26, 1
  10              		.eabi_attribute 30, 1
  11              		.eabi_attribute 34, 1
  12              		.eabi_attribute 18, 4
  13              		.file	"TUFAN_LoRa_E32_Config.c"
  14              		.text
  15              	.Ltext0:
  16              		.cfi_sections	.debug_frame
  17              		.file 1 "Core/Src/TUFAN_LoRa_E32_Config.c"
  18              		.section	.text.setConfiguration,"ax",%progbits
  19              		.align	1
  20              		.global	setConfiguration
  21              		.syntax unified
  22              		.thumb
  23              		.thumb_func
  25              	setConfiguration:
  26              	.LFB65:
   1:Core/Src/TUFAN_LoRa_E32_Config.c **** #include "TUFAN_LoRa_E32_Config.h"
   2:Core/Src/TUFAN_LoRa_E32_Config.c **** #include "stm32f1xx.h"
   3:Core/Src/TUFAN_LoRa_E32_Config.c **** 
   4:Core/Src/TUFAN_LoRa_E32_Config.c **** 
   5:Core/Src/TUFAN_LoRa_E32_Config.c **** void setConfiguration(struct CONFIG Configuration){
  27              		.loc 1 5 51 view -0
  28              		.cfi_startproc
  29              		@ args = 0, pretend = 0, frame = 8
  30              		@ frame_needed = 0, uses_anonymous_args = 0
  31 0000 70B5     		push	{r4, r5, r6, lr}
  32              		.cfi_def_cfa_offset 16
  33              		.cfi_offset 4, -16
  34              		.cfi_offset 5, -12
  35              		.cfi_offset 6, -8
  36              		.cfi_offset 14, -4
  37 0002 82B0     		sub	sp, sp, #8
  38              		.cfi_def_cfa_offset 24
  39 0004 02AB     		add	r3, sp, #8
  40 0006 03E90300 		stmdb	r3, {r0, r1}
   6:Core/Src/TUFAN_LoRa_E32_Config.c ****     uint8_t speedConfig;
  41              		.loc 1 6 5 view .LVU1
   7:Core/Src/TUFAN_LoRa_E32_Config.c ****     uint8_t optionConfig;
  42              		.loc 1 7 5 view .LVU2
   8:Core/Src/TUFAN_LoRa_E32_Config.c **** 
   9:Core/Src/TUFAN_LoRa_E32_Config.c ****     speedConfig = (Configuration.SPED.UartParity << 6) | (Configuration.SPED.UartBaudRate <<3) | (C
  43              		.loc 1 9 5 view .LVU3
  44              		.loc 1 9 38 is_stmt 0 view .LVU4
  45 000a 9DF80330 		ldrb	r3, [sp, #3]	@ zero_extendqisi2
  46 000e C3F38112 		ubfx	r2, r3, #6, #2
  47              		.loc 1 9 77 view .LVU5
  48 0012 C3F3C205 		ubfx	r5, r3, #3, #3
  49              		.loc 1 9 56 view .LVU6
ARM GAS  /tmp/ccTyIg7c.s 			page 2


  50 0016 ED00     		lsls	r5, r5, #3
  51 0018 45EA8215 		orr	r5, r5, r2, lsl #6
  52 001c 6DB2     		sxtb	r5, r5
  53              		.loc 1 9 117 view .LVU7
  54 001e 03F00703 		and	r3, r3, #7
  55              		.loc 1 9 96 view .LVU8
  56 0022 1D43     		orrs	r5, r5, r3
  57              		.loc 1 9 17 view .LVU9
  58 0024 EDB2     		uxtb	r5, r5
  59              	.LVL0:
  10:Core/Src/TUFAN_LoRa_E32_Config.c ****     optionConfig = (Configuration.OPTION.FixedTransmission << 7) | (Configuration.OPTION.IODriveMod
  60              		.loc 1 10 5 is_stmt 1 view .LVU10
  61              		.loc 1 10 41 is_stmt 0 view .LVU11
  62 0026 9DF80530 		ldrb	r3, [sp, #5]	@ zero_extendqisi2
  63 002a C3F3C012 		ubfx	r2, r3, #7, #1
  64              		.loc 1 10 89 view .LVU12
  65 002e C3F38014 		ubfx	r4, r3, #6, #1
  66              		.loc 1 10 66 view .LVU13
  67 0032 A401     		lsls	r4, r4, #6
  68 0034 44EAC214 		orr	r4, r4, r2, lsl #7
  69 0038 64B2     		sxtb	r4, r4
  70              		.loc 1 10 131 view .LVU14
  71 003a C3F3C202 		ubfx	r2, r3, #3, #3
  72              		.loc 1 10 108 view .LVU15
  73 003e 44EAC204 		orr	r4, r4, r2, lsl #3
  74 0042 64B2     		sxtb	r4, r4
  75              		.loc 1 10 180 view .LVU16
  76 0044 C3F38002 		ubfx	r2, r3, #2, #1
  77              		.loc 1 10 157 view .LVU17
  78 0048 44EA8204 		orr	r4, r4, r2, lsl #2
  79 004c 64B2     		sxtb	r4, r4
  80              		.loc 1 10 214 view .LVU18
  81 004e 03F00303 		and	r3, r3, #3
  82              		.loc 1 10 191 view .LVU19
  83 0052 1C43     		orrs	r4, r4, r3
  84              		.loc 1 10 18 view .LVU20
  85 0054 E4B2     		uxtb	r4, r4
  86              	.LVL1:
  11:Core/Src/TUFAN_LoRa_E32_Config.c **** 
  12:Core/Src/TUFAN_LoRa_E32_Config.c ****     USART2 -> DR = Configuration.HEAD; 
  87              		.loc 1 12 5 is_stmt 1 view .LVU21
  88              		.loc 1 12 33 is_stmt 0 view .LVU22
  89 0056 9DF80030 		ldrb	r3, [sp]	@ zero_extendqisi2
  90              		.loc 1 12 18 view .LVU23
  91 005a 0F4E     		ldr	r6, .L3
  92 005c 7360     		str	r3, [r6, #4]
  13:Core/Src/TUFAN_LoRa_E32_Config.c ****     HAL_Delay(1);
  93              		.loc 1 13 5 is_stmt 1 view .LVU24
  94 005e 0120     		movs	r0, #1
  95 0060 FFF7FEFF 		bl	HAL_Delay
  96              	.LVL2:
  14:Core/Src/TUFAN_LoRa_E32_Config.c ****     USART2 -> DR = Configuration.ADDH; 
  97              		.loc 1 14 5 view .LVU25
  98              		.loc 1 14 33 is_stmt 0 view .LVU26
  99 0064 9DF80230 		ldrb	r3, [sp, #2]	@ zero_extendqisi2
 100              		.loc 1 14 18 view .LVU27
 101 0068 7360     		str	r3, [r6, #4]
ARM GAS  /tmp/ccTyIg7c.s 			page 3


  15:Core/Src/TUFAN_LoRa_E32_Config.c ****     HAL_Delay(1);
 102              		.loc 1 15 5 is_stmt 1 view .LVU28
 103 006a 0120     		movs	r0, #1
 104 006c FFF7FEFF 		bl	HAL_Delay
 105              	.LVL3:
  16:Core/Src/TUFAN_LoRa_E32_Config.c ****     USART2 -> DR = Configuration.ADDL;
 106              		.loc 1 16 5 view .LVU29
 107              		.loc 1 16 33 is_stmt 0 view .LVU30
 108 0070 9DF80130 		ldrb	r3, [sp, #1]	@ zero_extendqisi2
 109              		.loc 1 16 18 view .LVU31
 110 0074 7360     		str	r3, [r6, #4]
  17:Core/Src/TUFAN_LoRa_E32_Config.c ****     HAL_Delay(1);
 111              		.loc 1 17 5 is_stmt 1 view .LVU32
 112 0076 0120     		movs	r0, #1
 113 0078 FFF7FEFF 		bl	HAL_Delay
 114              	.LVL4:
  18:Core/Src/TUFAN_LoRa_E32_Config.c ****     USART2 -> DR = speedConfig; 
 115              		.loc 1 18 5 view .LVU33
 116              		.loc 1 18 18 is_stmt 0 view .LVU34
 117 007c 7560     		str	r5, [r6, #4]
  19:Core/Src/TUFAN_LoRa_E32_Config.c ****     HAL_Delay(1);
 118              		.loc 1 19 5 is_stmt 1 view .LVU35
 119 007e 0120     		movs	r0, #1
 120 0080 FFF7FEFF 		bl	HAL_Delay
 121              	.LVL5:
  20:Core/Src/TUFAN_LoRa_E32_Config.c ****     USART2 -> DR = Configuration.CHAN; 
 122              		.loc 1 20 5 view .LVU36
 123              		.loc 1 20 33 is_stmt 0 view .LVU37
 124 0084 9DF80430 		ldrb	r3, [sp, #4]	@ zero_extendqisi2
 125              		.loc 1 20 18 view .LVU38
 126 0088 7360     		str	r3, [r6, #4]
  21:Core/Src/TUFAN_LoRa_E32_Config.c ****     HAL_Delay(1);
 127              		.loc 1 21 5 is_stmt 1 view .LVU39
 128 008a 0120     		movs	r0, #1
 129 008c FFF7FEFF 		bl	HAL_Delay
 130              	.LVL6:
  22:Core/Src/TUFAN_LoRa_E32_Config.c ****     USART2 -> DR = optionConfig; 
 131              		.loc 1 22 5 view .LVU40
 132              		.loc 1 22 18 is_stmt 0 view .LVU41
 133 0090 7460     		str	r4, [r6, #4]
  23:Core/Src/TUFAN_LoRa_E32_Config.c **** }
 134              		.loc 1 23 1 view .LVU42
 135 0092 02B0     		add	sp, sp, #8
 136              		.cfi_def_cfa_offset 16
 137              		@ sp needed
 138 0094 70BD     		pop	{r4, r5, r6, pc}
 139              	.LVL7:
 140              	.L4:
 141              		.loc 1 23 1 view .LVU43
 142 0096 00BF     		.align	2
 143              	.L3:
 144 0098 00440040 		.word	1073759232
 145              		.cfi_endproc
 146              	.LFE65:
 148              		.section	.text.getConfiguration,"ax",%progbits
 149              		.align	1
 150              		.global	getConfiguration
ARM GAS  /tmp/ccTyIg7c.s 			page 4


 151              		.syntax unified
 152              		.thumb
 153              		.thumb_func
 155              	getConfiguration:
 156              	.LVL8:
 157              	.LFB66:
  24:Core/Src/TUFAN_LoRa_E32_Config.c **** void getConfiguration(UART_HandleTypeDef *huart){
 158              		.loc 1 24 49 is_stmt 1 view -0
 159              		.cfi_startproc
 160              		@ args = 0, pretend = 0, frame = 56
 161              		@ frame_needed = 0, uses_anonymous_args = 0
 162              		.loc 1 24 49 is_stmt 0 view .LVU45
 163 0000 30B5     		push	{r4, r5, lr}
 164              		.cfi_def_cfa_offset 12
 165              		.cfi_offset 4, -12
 166              		.cfi_offset 5, -8
 167              		.cfi_offset 14, -4
 168 0002 8FB0     		sub	sp, sp, #60
 169              		.cfi_def_cfa_offset 72
 170 0004 0546     		mov	r5, r0
  25:Core/Src/TUFAN_LoRa_E32_Config.c ****     HAL_GPIO_WritePin(GPIOA, GPIO_PIN_5, 1);
 171              		.loc 1 25 5 is_stmt 1 view .LVU46
 172 0006 114C     		ldr	r4, .L9
 173 0008 0122     		movs	r2, #1
 174 000a 2021     		movs	r1, #32
 175 000c 2046     		mov	r0, r4
 176              	.LVL9:
 177              		.loc 1 25 5 is_stmt 0 view .LVU47
 178 000e FFF7FEFF 		bl	HAL_GPIO_WritePin
 179              	.LVL10:
  26:Core/Src/TUFAN_LoRa_E32_Config.c ****     HAL_GPIO_WritePin(GPIOA, GPIO_PIN_4, 1);
 180              		.loc 1 26 5 is_stmt 1 view .LVU48
 181 0012 0122     		movs	r2, #1
 182 0014 1021     		movs	r1, #16
 183 0016 2046     		mov	r0, r4
 184 0018 FFF7FEFF 		bl	HAL_GPIO_WritePin
 185              	.LVL11:
  27:Core/Src/TUFAN_LoRa_E32_Config.c ****     uint8_t getConfig = 0xC1;
 186              		.loc 1 27 5 view .LVU49
 187              		.loc 1 27 13 is_stmt 0 view .LVU50
 188 001c C123     		movs	r3, #193
 189 001e 8DF83730 		strb	r3, [sp, #55]
  28:Core/Src/TUFAN_LoRa_E32_Config.c ****     uint8_t *pgetConfig = &getConfig;
 190              		.loc 1 28 5 is_stmt 1 view .LVU51
 191              	.LVL12:
  29:Core/Src/TUFAN_LoRa_E32_Config.c ****     uint8_t receivedConfig[48];
 192              		.loc 1 29 5 view .LVU52
  30:Core/Src/TUFAN_LoRa_E32_Config.c ****     for(int i = 0; i<=2;i++){
 193              		.loc 1 30 5 view .LVU53
 194              	.LBB2:
 195              		.loc 1 30 9 view .LVU54
 196              		.loc 1 30 13 is_stmt 0 view .LVU55
 197 0022 0024     		movs	r4, #0
 198              		.loc 1 30 5 view .LVU56
 199 0024 07E0     		b	.L6
 200              	.LVL13:
 201              	.L7:
ARM GAS  /tmp/ccTyIg7c.s 			page 5


  31:Core/Src/TUFAN_LoRa_E32_Config.c ****         HAL_UART_Transmit(huart, pgetConfig, sizeof(getConfig), 1);
 202              		.loc 1 31 9 is_stmt 1 view .LVU57
 203 0026 0123     		movs	r3, #1
 204 0028 1A46     		mov	r2, r3
 205 002a 0DF13701 		add	r1, sp, #55
 206              	.LVL14:
 207              		.loc 1 31 9 is_stmt 0 view .LVU58
 208 002e 2846     		mov	r0, r5
 209 0030 FFF7FEFF 		bl	HAL_UART_Transmit
 210              	.LVL15:
  30:Core/Src/TUFAN_LoRa_E32_Config.c ****     for(int i = 0; i<=2;i++){
 211              		.loc 1 30 26 is_stmt 1 discriminator 3 view .LVU59
 212 0034 0134     		adds	r4, r4, #1
 213              	.LVL16:
 214              	.L6:
  30:Core/Src/TUFAN_LoRa_E32_Config.c ****     for(int i = 0; i<=2;i++){
 215              		.loc 1 30 21 discriminator 1 view .LVU60
 216 0036 022C     		cmp	r4, #2
 217 0038 F5DD     		ble	.L7
 218              	.LBE2:
  32:Core/Src/TUFAN_LoRa_E32_Config.c **** 
  33:Core/Src/TUFAN_LoRa_E32_Config.c ****     }
  34:Core/Src/TUFAN_LoRa_E32_Config.c ****     HAL_UART_Receive(huart, receivedConfig, 48, 1);
 219              		.loc 1 34 5 view .LVU61
 220 003a 0123     		movs	r3, #1
 221 003c 3022     		movs	r2, #48
 222 003e 01A9     		add	r1, sp, #4
 223 0040 2846     		mov	r0, r5
 224 0042 FFF7FEFF 		bl	HAL_UART_Receive
 225              	.LVL17:
  35:Core/Src/TUFAN_LoRa_E32_Config.c **** }
 226              		.loc 1 35 1 is_stmt 0 view .LVU62
 227 0046 0FB0     		add	sp, sp, #60
 228              		.cfi_def_cfa_offset 12
 229              		@ sp needed
 230 0048 30BD     		pop	{r4, r5, pc}
 231              	.LVL18:
 232              	.L10:
 233              		.loc 1 35 1 view .LVU63
 234 004a 00BF     		.align	2
 235              	.L9:
 236 004c 00080140 		.word	1073809408
 237              		.cfi_endproc
 238              	.LFE66:
 240              		.section	.text.getModuleInformation,"ax",%progbits
 241              		.align	1
 242              		.global	getModuleInformation
 243              		.syntax unified
 244              		.thumb
 245              		.thumb_func
 247              	getModuleInformation:
 248              	.LVL19:
 249              	.LFB67:
  36:Core/Src/TUFAN_LoRa_E32_Config.c **** void getModuleInformation(UART_HandleTypeDef *huart){
 250              		.loc 1 36 53 is_stmt 1 view -0
 251              		.cfi_startproc
 252              		@ args = 0, pretend = 0, frame = 56
ARM GAS  /tmp/ccTyIg7c.s 			page 6


 253              		@ frame_needed = 0, uses_anonymous_args = 0
 254              		.loc 1 36 53 is_stmt 0 view .LVU65
 255 0000 30B5     		push	{r4, r5, lr}
 256              		.cfi_def_cfa_offset 12
 257              		.cfi_offset 4, -12
 258              		.cfi_offset 5, -8
 259              		.cfi_offset 14, -4
 260 0002 8FB0     		sub	sp, sp, #60
 261              		.cfi_def_cfa_offset 72
 262 0004 0546     		mov	r5, r0
  37:Core/Src/TUFAN_LoRa_E32_Config.c ****     HAL_GPIO_WritePin(GPIOA, GPIO_PIN_5, 1);
 263              		.loc 1 37 5 is_stmt 1 view .LVU66
 264 0006 114C     		ldr	r4, .L15
 265 0008 0122     		movs	r2, #1
 266 000a 2021     		movs	r1, #32
 267 000c 2046     		mov	r0, r4
 268              	.LVL20:
 269              		.loc 1 37 5 is_stmt 0 view .LVU67
 270 000e FFF7FEFF 		bl	HAL_GPIO_WritePin
 271              	.LVL21:
  38:Core/Src/TUFAN_LoRa_E32_Config.c ****     HAL_GPIO_WritePin(GPIOA, GPIO_PIN_4, 1);
 272              		.loc 1 38 5 is_stmt 1 view .LVU68
 273 0012 0122     		movs	r2, #1
 274 0014 1021     		movs	r1, #16
 275 0016 2046     		mov	r0, r4
 276 0018 FFF7FEFF 		bl	HAL_GPIO_WritePin
 277              	.LVL22:
  39:Core/Src/TUFAN_LoRa_E32_Config.c ****     uint8_t getInformation = 0xC3;
 278              		.loc 1 39 5 view .LVU69
 279              		.loc 1 39 13 is_stmt 0 view .LVU70
 280 001c C323     		movs	r3, #195
 281 001e 8DF83730 		strb	r3, [sp, #55]
  40:Core/Src/TUFAN_LoRa_E32_Config.c ****     uint8_t *pgetInformation = &getInformation;
 282              		.loc 1 40 5 is_stmt 1 view .LVU71
 283              	.LVL23:
  41:Core/Src/TUFAN_LoRa_E32_Config.c ****     uint8_t receivedInformation[48];
 284              		.loc 1 41 5 view .LVU72
  42:Core/Src/TUFAN_LoRa_E32_Config.c ****     for(int i = 0; i<=2; i++){
 285              		.loc 1 42 5 view .LVU73
 286              	.LBB3:
 287              		.loc 1 42 9 view .LVU74
 288              		.loc 1 42 13 is_stmt 0 view .LVU75
 289 0022 0024     		movs	r4, #0
 290              		.loc 1 42 5 view .LVU76
 291 0024 07E0     		b	.L12
 292              	.LVL24:
 293              	.L13:
  43:Core/Src/TUFAN_LoRa_E32_Config.c ****         HAL_UART_Transmit(huart, pgetInformation, sizeof(getInformation), 1);
 294              		.loc 1 43 9 is_stmt 1 view .LVU77
 295 0026 0123     		movs	r3, #1
 296 0028 1A46     		mov	r2, r3
 297 002a 0DF13701 		add	r1, sp, #55
 298              	.LVL25:
 299              		.loc 1 43 9 is_stmt 0 view .LVU78
 300 002e 2846     		mov	r0, r5
 301 0030 FFF7FEFF 		bl	HAL_UART_Transmit
 302              	.LVL26:
ARM GAS  /tmp/ccTyIg7c.s 			page 7


  42:Core/Src/TUFAN_LoRa_E32_Config.c ****     for(int i = 0; i<=2; i++){
 303              		.loc 1 42 27 is_stmt 1 discriminator 3 view .LVU79
 304 0034 0134     		adds	r4, r4, #1
 305              	.LVL27:
 306              	.L12:
  42:Core/Src/TUFAN_LoRa_E32_Config.c ****     for(int i = 0; i<=2; i++){
 307              		.loc 1 42 21 discriminator 1 view .LVU80
 308 0036 022C     		cmp	r4, #2
 309 0038 F5DD     		ble	.L13
 310              	.LBE3:
  44:Core/Src/TUFAN_LoRa_E32_Config.c ****     }
  45:Core/Src/TUFAN_LoRa_E32_Config.c ****     HAL_UART_Receive(huart, receivedInformation, 48, 1);
 311              		.loc 1 45 5 view .LVU81
 312 003a 0123     		movs	r3, #1
 313 003c 3022     		movs	r2, #48
 314 003e 01A9     		add	r1, sp, #4
 315 0040 2846     		mov	r0, r5
 316 0042 FFF7FEFF 		bl	HAL_UART_Receive
 317              	.LVL28:
  46:Core/Src/TUFAN_LoRa_E32_Config.c **** }
 318              		.loc 1 46 1 is_stmt 0 view .LVU82
 319 0046 0FB0     		add	sp, sp, #60
 320              		.cfi_def_cfa_offset 12
 321              		@ sp needed
 322 0048 30BD     		pop	{r4, r5, pc}
 323              	.LVL29:
 324              	.L16:
 325              		.loc 1 46 1 view .LVU83
 326 004a 00BF     		.align	2
 327              	.L15:
 328 004c 00080140 		.word	1073809408
 329              		.cfi_endproc
 330              	.LFE67:
 332              		.section	.text.resetModule,"ax",%progbits
 333              		.align	1
 334              		.global	resetModule
 335              		.syntax unified
 336              		.thumb
 337              		.thumb_func
 339              	resetModule:
 340              	.LVL30:
 341              	.LFB68:
  47:Core/Src/TUFAN_LoRa_E32_Config.c **** void resetModule(UART_HandleTypeDef *huart){
 342              		.loc 1 47 44 is_stmt 1 view -0
 343              		.cfi_startproc
 344              		@ args = 0, pretend = 0, frame = 8
 345              		@ frame_needed = 0, uses_anonymous_args = 0
 346              		.loc 1 47 44 is_stmt 0 view .LVU85
 347 0000 30B5     		push	{r4, r5, lr}
 348              		.cfi_def_cfa_offset 12
 349              		.cfi_offset 4, -12
 350              		.cfi_offset 5, -8
 351              		.cfi_offset 14, -4
 352 0002 83B0     		sub	sp, sp, #12
 353              		.cfi_def_cfa_offset 24
 354 0004 0546     		mov	r5, r0
  48:Core/Src/TUFAN_LoRa_E32_Config.c ****     HAL_GPIO_WritePin(GPIOA, GPIO_PIN_5, 1);
ARM GAS  /tmp/ccTyIg7c.s 			page 8


 355              		.loc 1 48 5 is_stmt 1 view .LVU86
 356 0006 0E4C     		ldr	r4, .L21
 357 0008 0122     		movs	r2, #1
 358 000a 2021     		movs	r1, #32
 359 000c 2046     		mov	r0, r4
 360              	.LVL31:
 361              		.loc 1 48 5 is_stmt 0 view .LVU87
 362 000e FFF7FEFF 		bl	HAL_GPIO_WritePin
 363              	.LVL32:
  49:Core/Src/TUFAN_LoRa_E32_Config.c ****     HAL_GPIO_WritePin(GPIOA, GPIO_PIN_4, 1);
 364              		.loc 1 49 5 is_stmt 1 view .LVU88
 365 0012 0122     		movs	r2, #1
 366 0014 1021     		movs	r1, #16
 367 0016 2046     		mov	r0, r4
 368 0018 FFF7FEFF 		bl	HAL_GPIO_WritePin
 369              	.LVL33:
  50:Core/Src/TUFAN_LoRa_E32_Config.c ****     uint8_t reset = 0xC4;
 370              		.loc 1 50 5 view .LVU89
 371              		.loc 1 50 13 is_stmt 0 view .LVU90
 372 001c C423     		movs	r3, #196
 373 001e 8DF80730 		strb	r3, [sp, #7]
  51:Core/Src/TUFAN_LoRa_E32_Config.c ****     uint8_t *preset = &reset;
 374              		.loc 1 51 5 is_stmt 1 view .LVU91
 375              	.LVL34:
  52:Core/Src/TUFAN_LoRa_E32_Config.c ****     for(int i = 0; i<=2; i++){
 376              		.loc 1 52 5 view .LVU92
 377              	.LBB4:
 378              		.loc 1 52 9 view .LVU93
 379              		.loc 1 52 13 is_stmt 0 view .LVU94
 380 0022 0024     		movs	r4, #0
 381              		.loc 1 52 5 view .LVU95
 382 0024 07E0     		b	.L18
 383              	.LVL35:
 384              	.L19:
  53:Core/Src/TUFAN_LoRa_E32_Config.c ****         HAL_UART_Transmit(huart, preset, sizeof(reset), 1);
 385              		.loc 1 53 9 is_stmt 1 view .LVU96
 386 0026 0123     		movs	r3, #1
 387 0028 1A46     		mov	r2, r3
 388 002a 0DF10701 		add	r1, sp, #7
 389              	.LVL36:
 390              		.loc 1 53 9 is_stmt 0 view .LVU97
 391 002e 2846     		mov	r0, r5
 392 0030 FFF7FEFF 		bl	HAL_UART_Transmit
 393              	.LVL37:
  52:Core/Src/TUFAN_LoRa_E32_Config.c ****     for(int i = 0; i<=2; i++){
 394              		.loc 1 52 27 is_stmt 1 discriminator 3 view .LVU98
 395 0034 0134     		adds	r4, r4, #1
 396              	.LVL38:
 397              	.L18:
  52:Core/Src/TUFAN_LoRa_E32_Config.c ****     for(int i = 0; i<=2; i++){
 398              		.loc 1 52 21 discriminator 1 view .LVU99
 399 0036 022C     		cmp	r4, #2
 400 0038 F5DD     		ble	.L19
 401              	.LBE4:
  54:Core/Src/TUFAN_LoRa_E32_Config.c ****     }
  55:Core/Src/TUFAN_LoRa_E32_Config.c **** }
 402              		.loc 1 55 1 is_stmt 0 view .LVU100
ARM GAS  /tmp/ccTyIg7c.s 			page 9


 403 003a 03B0     		add	sp, sp, #12
 404              		.cfi_def_cfa_offset 12
 405              		@ sp needed
 406 003c 30BD     		pop	{r4, r5, pc}
 407              	.LVL39:
 408              	.L22:
 409              		.loc 1 55 1 view .LVU101
 410 003e 00BF     		.align	2
 411              	.L21:
 412 0040 00080140 		.word	1073809408
 413              		.cfi_endproc
 414              	.LFE68:
 416              		.section	.text.sendFixedMessage,"ax",%progbits
 417              		.align	1
 418              		.global	sendFixedMessage
 419              		.syntax unified
 420              		.thumb
 421              		.thumb_func
 423              	sendFixedMessage:
 424              	.LVL40:
 425              	.LFB69:
  56:Core/Src/TUFAN_LoRa_E32_Config.c **** 
  57:Core/Src/TUFAN_LoRa_E32_Config.c **** void sendFixedMessage(UART_HandleTypeDef *huart, uint8_t ADDH, uint8_t ADDL, uint8_t CHAN, uint8_t 
 426              		.loc 1 57 108 is_stmt 1 view -0
 427              		.cfi_startproc
 428              		@ args = 4, pretend = 0, frame = 8
 429              		@ frame_needed = 0, uses_anonymous_args = 0
 430              		.loc 1 57 108 is_stmt 0 view .LVU103
 431 0000 30B5     		push	{r4, r5, lr}
 432              		.cfi_def_cfa_offset 12
 433              		.cfi_offset 4, -12
 434              		.cfi_offset 5, -8
 435              		.cfi_offset 14, -4
 436 0002 83B0     		sub	sp, sp, #12
 437              		.cfi_def_cfa_offset 24
 438 0004 0446     		mov	r4, r0
 439 0006 8DF80710 		strb	r1, [sp, #7]
 440 000a 8DF80620 		strb	r2, [sp, #6]
 441 000e 8DF80530 		strb	r3, [sp, #5]
  58:Core/Src/TUFAN_LoRa_E32_Config.c ****     HAL_GPIO_WritePin(GPIOA, GPIO_PIN_5, 0);
 442              		.loc 1 58 5 is_stmt 1 view .LVU104
 443 0012 144D     		ldr	r5, .L25
 444 0014 0022     		movs	r2, #0
 445              	.LVL41:
 446              		.loc 1 58 5 is_stmt 0 view .LVU105
 447 0016 2021     		movs	r1, #32
 448              	.LVL42:
 449              		.loc 1 58 5 view .LVU106
 450 0018 2846     		mov	r0, r5
 451              	.LVL43:
 452              		.loc 1 58 5 view .LVU107
 453 001a FFF7FEFF 		bl	HAL_GPIO_WritePin
 454              	.LVL44:
  59:Core/Src/TUFAN_LoRa_E32_Config.c ****     HAL_GPIO_WritePin(GPIOA, GPIO_PIN_4, 0);
 455              		.loc 1 59 5 is_stmt 1 view .LVU108
 456 001e 0022     		movs	r2, #0
 457 0020 1021     		movs	r1, #16
ARM GAS  /tmp/ccTyIg7c.s 			page 10


 458 0022 2846     		mov	r0, r5
 459 0024 FFF7FEFF 		bl	HAL_GPIO_WritePin
 460              	.LVL45:
  60:Core/Src/TUFAN_LoRa_E32_Config.c ****     uint8_t *pADDH = &ADDH;
 461              		.loc 1 60 5 view .LVU109
  61:Core/Src/TUFAN_LoRa_E32_Config.c ****     uint8_t *pADDL = &ADDL;
 462              		.loc 1 61 5 view .LVU110
  62:Core/Src/TUFAN_LoRa_E32_Config.c ****     uint8_t *pCHAN = &CHAN;
 463              		.loc 1 62 5 view .LVU111
  63:Core/Src/TUFAN_LoRa_E32_Config.c ****     uint8_t *pmessage = &message;
 464              		.loc 1 63 5 view .LVU112
  64:Core/Src/TUFAN_LoRa_E32_Config.c ****     HAL_UART_Transmit(huart, pADDH, sizeof(ADDH), 1);
 465              		.loc 1 64 5 view .LVU113
 466 0028 0123     		movs	r3, #1
 467 002a 1A46     		mov	r2, r3
 468 002c 0DF10701 		add	r1, sp, #7
 469              	.LVL46:
 470              		.loc 1 64 5 is_stmt 0 view .LVU114
 471 0030 2046     		mov	r0, r4
 472 0032 FFF7FEFF 		bl	HAL_UART_Transmit
 473              	.LVL47:
  65:Core/Src/TUFAN_LoRa_E32_Config.c ****     HAL_UART_Transmit(huart, pADDL, sizeof(ADDL), 1);
 474              		.loc 1 65 5 is_stmt 1 view .LVU115
 475 0036 0123     		movs	r3, #1
 476 0038 1A46     		mov	r2, r3
 477 003a 0DF10601 		add	r1, sp, #6
 478              	.LVL48:
 479              		.loc 1 65 5 is_stmt 0 view .LVU116
 480 003e 2046     		mov	r0, r4
 481 0040 FFF7FEFF 		bl	HAL_UART_Transmit
 482              	.LVL49:
  66:Core/Src/TUFAN_LoRa_E32_Config.c ****     HAL_UART_Transmit(huart, pCHAN, sizeof(CHAN), 1);
 483              		.loc 1 66 5 is_stmt 1 view .LVU117
 484 0044 0123     		movs	r3, #1
 485 0046 1A46     		mov	r2, r3
 486 0048 0DF10501 		add	r1, sp, #5
 487              	.LVL50:
 488              		.loc 1 66 5 is_stmt 0 view .LVU118
 489 004c 2046     		mov	r0, r4
 490 004e FFF7FEFF 		bl	HAL_UART_Transmit
 491              	.LVL51:
  67:Core/Src/TUFAN_LoRa_E32_Config.c ****     HAL_UART_Transmit(huart, pmessage, sizeof(message), 1);
 492              		.loc 1 67 5 is_stmt 1 view .LVU119
 493 0052 0123     		movs	r3, #1
 494 0054 1A46     		mov	r2, r3
 495 0056 06A9     		add	r1, sp, #24
 496              	.LVL52:
 497              		.loc 1 67 5 is_stmt 0 view .LVU120
 498 0058 2046     		mov	r0, r4
 499 005a FFF7FEFF 		bl	HAL_UART_Transmit
 500              	.LVL53:
  68:Core/Src/TUFAN_LoRa_E32_Config.c **** 
  69:Core/Src/TUFAN_LoRa_E32_Config.c ****     // USART2 -> DR = ADDH;
  70:Core/Src/TUFAN_LoRa_E32_Config.c ****     // HAL_Delay(1);
  71:Core/Src/TUFAN_LoRa_E32_Config.c ****     // USART2 -> DR = ADDL;
  72:Core/Src/TUFAN_LoRa_E32_Config.c ****     // HAL_Delay(1);
  73:Core/Src/TUFAN_LoRa_E32_Config.c ****     // USART2 -> DR = CHAN;
ARM GAS  /tmp/ccTyIg7c.s 			page 11


  74:Core/Src/TUFAN_LoRa_E32_Config.c ****     // HAL_Delay(1);
  75:Core/Src/TUFAN_LoRa_E32_Config.c ****     // USART2 -> DR = message;
  76:Core/Src/TUFAN_LoRa_E32_Config.c **** }
 501              		.loc 1 76 1 view .LVU121
 502 005e 03B0     		add	sp, sp, #12
 503              		.cfi_def_cfa_offset 12
 504              		@ sp needed
 505 0060 30BD     		pop	{r4, r5, pc}
 506              	.LVL54:
 507              	.L26:
 508              		.loc 1 76 1 view .LVU122
 509 0062 00BF     		.align	2
 510              	.L25:
 511 0064 00080140 		.word	1073809408
 512              		.cfi_endproc
 513              	.LFE69:
 515              		.section	.text.receiveMessage,"ax",%progbits
 516              		.align	1
 517              		.global	receiveMessage
 518              		.syntax unified
 519              		.thumb
 520              		.thumb_func
 522              	receiveMessage:
 523              	.LVL55:
 524              	.LFB70:
  77:Core/Src/TUFAN_LoRa_E32_Config.c **** 
  78:Core/Src/TUFAN_LoRa_E32_Config.c **** void receiveMessage(UART_HandleTypeDef *huart){
 525              		.loc 1 78 47 is_stmt 1 view -0
 526              		.cfi_startproc
 527              		@ args = 0, pretend = 0, frame = 8
 528              		@ frame_needed = 0, uses_anonymous_args = 0
 529              		.loc 1 78 47 is_stmt 0 view .LVU124
 530 0000 00B5     		push	{lr}
 531              		.cfi_def_cfa_offset 4
 532              		.cfi_offset 14, -4
 533 0002 83B0     		sub	sp, sp, #12
 534              		.cfi_def_cfa_offset 16
  79:Core/Src/TUFAN_LoRa_E32_Config.c ****     uint8_t RxMessage;
 535              		.loc 1 79 5 is_stmt 1 view .LVU125
  80:Core/Src/TUFAN_LoRa_E32_Config.c ****     uint8_t *pRXMessage = &RxMessage;
 536              		.loc 1 80 5 view .LVU126
 537              	.LVL56:
  81:Core/Src/TUFAN_LoRa_E32_Config.c ****     HAL_UART_Receive(huart, pRXMessage, sizeof(1), 1);
 538              		.loc 1 81 5 view .LVU127
 539 0004 0123     		movs	r3, #1
 540 0006 0422     		movs	r2, #4
 541 0008 0DF10701 		add	r1, sp, #7
 542              	.LVL57:
 543              		.loc 1 81 5 is_stmt 0 view .LVU128
 544 000c FFF7FEFF 		bl	HAL_UART_Receive
 545              	.LVL58:
  82:Core/Src/TUFAN_LoRa_E32_Config.c **** 
  83:Core/Src/TUFAN_LoRa_E32_Config.c **** }
 546              		.loc 1 83 1 view .LVU129
 547 0010 03B0     		add	sp, sp, #12
 548              		.cfi_def_cfa_offset 4
 549              		@ sp needed
ARM GAS  /tmp/ccTyIg7c.s 			page 12


 550 0012 5DF804FB 		ldr	pc, [sp], #4
 551              		.loc 1 83 1 view .LVU130
 552              		.cfi_endproc
 553              	.LFE70:
 555              		.section	.text.cleanUARTBuffer,"ax",%progbits
 556              		.align	1
 557              		.global	cleanUARTBuffer
 558              		.syntax unified
 559              		.thumb
 560              		.thumb_func
 562              	cleanUARTBuffer:
 563              	.LVL59:
 564              	.LFB71:
  84:Core/Src/TUFAN_LoRa_E32_Config.c **** void cleanUARTBuffer(UART_HandleTypeDef *huart){
 565              		.loc 1 84 48 is_stmt 1 view -0
 566              		.cfi_startproc
 567              		@ args = 0, pretend = 0, frame = 0
 568              		@ frame_needed = 0, uses_anonymous_args = 0
 569              		.loc 1 84 48 is_stmt 0 view .LVU132
 570 0000 08B5     		push	{r3, lr}
 571              		.cfi_def_cfa_offset 8
 572              		.cfi_offset 3, -8
 573              		.cfi_offset 14, -4
  85:Core/Src/TUFAN_LoRa_E32_Config.c ****     HAL_UART_Receive_IT(huart, (uint8_t *)NULL, 0);
 574              		.loc 1 85 5 is_stmt 1 view .LVU133
 575 0002 0022     		movs	r2, #0
 576 0004 1146     		mov	r1, r2
 577 0006 FFF7FEFF 		bl	HAL_UART_Receive_IT
 578              	.LVL60:
  86:Core/Src/TUFAN_LoRa_E32_Config.c **** }...
 579              		.loc 1 86 1 is_stmt 0 view .LVU134
 580 000a 08BD     		pop	{r3, pc}
 581              		.cfi_endproc
 582              	.LFE71:
 584              		.text
 585              	.Letext0:
 586              		.file 2 "/home/bugraaa/.config/Code/User/globalStorage/bmd.stm32-for-vscode/@xpack-dev-tools/arm-n
 587              		.file 3 "/home/bugraaa/.config/Code/User/globalStorage/bmd.stm32-for-vscode/@xpack-dev-tools/arm-n
 588              		.file 4 "Drivers/CMSIS/Device/ST/STM32F1xx/Include/stm32f103xb.h"
 589              		.file 5 "Drivers/STM32F1xx_HAL_Driver/Inc/stm32f1xx_hal_def.h"
 590              		.file 6 "Drivers/STM32F1xx_HAL_Driver/Inc/stm32f1xx_hal_gpio.h"
 591              		.file 7 "Drivers/STM32F1xx_HAL_Driver/Inc/stm32f1xx_hal_dma.h"
 592              		.file 8 "Drivers/STM32F1xx_HAL_Driver/Inc/stm32f1xx_hal_uart.h"
 593              		.file 9 "Core/Inc/TUFAN_LoRa_E32_Config.h"
 594              		.file 10 "Drivers/STM32F1xx_HAL_Driver/Inc/stm32f1xx_hal.h"
ARM GAS  /tmp/ccTyIg7c.s 			page 13


DEFINED SYMBOLS
                            *ABS*:00000000 TUFAN_LoRa_E32_Config.c
     /tmp/ccTyIg7c.s:19     .text.setConfiguration:00000000 $t
     /tmp/ccTyIg7c.s:25     .text.setConfiguration:00000000 setConfiguration
     /tmp/ccTyIg7c.s:144    .text.setConfiguration:00000098 $d
     /tmp/ccTyIg7c.s:149    .text.getConfiguration:00000000 $t
     /tmp/ccTyIg7c.s:155    .text.getConfiguration:00000000 getConfiguration
     /tmp/ccTyIg7c.s:236    .text.getConfiguration:0000004c $d
     /tmp/ccTyIg7c.s:241    .text.getModuleInformation:00000000 $t
     /tmp/ccTyIg7c.s:247    .text.getModuleInformation:00000000 getModuleInformation
     /tmp/ccTyIg7c.s:328    .text.getModuleInformation:0000004c $d
     /tmp/ccTyIg7c.s:333    .text.resetModule:00000000 $t
     /tmp/ccTyIg7c.s:339    .text.resetModule:00000000 resetModule
     /tmp/ccTyIg7c.s:412    .text.resetModule:00000040 $d
     /tmp/ccTyIg7c.s:417    .text.sendFixedMessage:00000000 $t
     /tmp/ccTyIg7c.s:423    .text.sendFixedMessage:00000000 sendFixedMessage
     /tmp/ccTyIg7c.s:511    .text.sendFixedMessage:00000064 $d
     /tmp/ccTyIg7c.s:516    .text.receiveMessage:00000000 $t
     /tmp/ccTyIg7c.s:522    .text.receiveMessage:00000000 receiveMessage
     /tmp/ccTyIg7c.s:556    .text.cleanUARTBuffer:00000000 $t
     /tmp/ccTyIg7c.s:562    .text.cleanUARTBuffer:00000000 cleanUARTBuffer

UNDEFINED SYMBOLS
HAL_Delay
HAL_GPIO_WritePin
HAL_UART_Transmit
HAL_UART_Receive
HAL_UART_Receive_IT
